<?xml version="1.0" encoding="UTF-8"?>
<testng-results ignored="0" total="1" passed="1" failed="0" skipped="0">
  <reporter-output>
  </reporter-output>
  <suite started-at="2026-01-21T15:19:30 WIB" name="SeleniumTestSuite" finished-at="2026-01-21T15:19:38 WIB" duration-ms="7795">
    <groups>
    </groups>
    <test started-at="2026-01-21T15:19:30 WIB" name="SeleniumTests" finished-at="2026-01-21T15:19:38 WIB" duration-ms="7795">
      <class name="com.orangehrm.tests.LoginTest">
        <test-method is-config="true" signature="setUp()[pri:0, instance:com.orangehrm.tests.LoginTest@5f058f00]" started-at="2026-01-21T15:19:30 WIB" name="setUp" finished-at="2026-01-21T15:19:32 WIB" duration-ms="2057" status="PASS">
          <reporter-output>
          </reporter-output>
        </test-method> <!-- setUp -->
        <test-method signature="loginPage()[pri:0, instance:com.orangehrm.tests.LoginTest@5f058f00]" started-at="2026-01-21T15:19:32 WIB" name="loginPage" finished-at="2026-01-21T15:19:37 WIB" duration-ms="5203" status="PASS">
          <reporter-output>
          </reporter-output>
        </test-method> <!-- loginPage -->
        <test-method is-config="true" signature="tearDown()[pri:0, instance:com.orangehrm.tests.LoginTest@5f058f00]" started-at="2026-01-21T15:19:37 WIB" name="tearDown" finished-at="2026-01-21T15:19:38 WIB" duration-ms="503" status="PASS">
          <reporter-output>
          </reporter-output>
        </test-method> <!-- tearDown -->
      </class> <!-- com.orangehrm.tests.LoginTest -->
    </test> <!-- SeleniumTests -->
  </suite> <!-- SeleniumTestSuite -->
</testng-results>
